Time[ps]      Etot[eV]     Epot[eV]     Ekin[eV]    T[K]
0.0000           5.4819       5.4819       0.0000     0.0
0.0010           5.4850       5.4819       0.0031     0.4
0.0020           5.4888       5.4819       0.0070     1.0
0.0030           5.4913       5.4818       0.0094     1.4
0.0040           5.4954       5.4817       0.0137     2.0
0.0050           5.4985       5.4815       0.0170     2.4
0.0060           5.5037       5.4811       0.0226     3.2
0.0070           5.5092       5.4806       0.0286     4.1
0.0080           5.5148       5.4797       0.0351     5.0
0.0090           5.5213       5.4783       0.0430     6.2
0.0100           5.5225       5.4763       0.0462     6.6
0.0110           5.5262       5.4736       0.0526     7.5
0.0120           5.5325       5.4701       0.0623     8.9
0.0130           5.5325       5.4656       0.0670     9.6
0.0140           5.5402       5.4597       0.0805    11.5
0.0150           5.5454       5.4516       0.0938    13.4
0.0160           5.5533       5.4410       0.1123    16.1
0.0170           5.5543       5.4274       0.1269    18.2
0.0180           5.5563       5.4103       0.1460    20.9
0.0190           5.5628       5.3889       0.1739    24.9
0.0200           5.5702       5.3618       0.2084    29.9
0.0210           5.5816       5.3271       0.2545    36.5
0.0220           5.5857       5.2825       0.3032    43.4
0.0230           5.6009       5.2250       0.3759    53.8
0.0240           5.6101       5.1515       0.4586    65.7
0.0250           5.6054       5.0594       0.5460    78.2
0.0260           5.6178       4.9439       0.6740    96.6
0.0270           5.6347       4.8000       0.8347   119.6
0.0280           5.6408       4.6213       1.0195   146.1
0.0290           5.6508       4.4022       1.2485   178.9
0.0300           5.6478       4.1383       1.5095   216.3
0.0310           5.6429       3.8248       1.8181   260.5
0.0320           5.6585       3.4567       2.2018   315.4
0.0330           5.6419       3.0320       2.6099   373.9
0.0340           5.6140       2.5523       3.0617   438.6
0.0350           5.6392       2.0185       3.6207   518.7
0.0360           5.6364       1.4323       4.2041   602.3
0.0370           5.6120       0.8030       4.8090   689.0
0.0380           5.6315       0.1412       5.4903   786.6
0.0390           5.6359      -0.5415       6.1774   885.0
0.0400           5.6112      -1.2292       6.8405   980.0
0.0410           5.5633      -1.9056       7.4689  1070.0
0.0420           5.5182      -2.5578       8.0760  1157.0
0.0430           5.5081      -3.1699       8.6779  1243.2
0.0440           5.4892      -3.7257       9.2148  1320.2
0.0450           5.5145      -4.2138       9.7283  1393.7
0.0460           5.4733      -4.6236      10.0969  1446.5
0.0470           5.4350      -4.9501      10.3852  1487.8
0.0480           5.3630      -5.1944      10.5573  1512.5
0.0490           5.3172      -5.3658      10.6830  1530.5
0.0500           5.3180      -5.4817      10.7996  1547.2
0.0510           5.2958      -5.5602      10.8560  1555.3
0.0520           5.3349      -5.6161      10.9510  1568.9
0.0530           5.3536      -5.6625      11.0161  1578.2
0.0540           5.3341      -5.7020      11.0362  1581.1
0.0550           5.3038      -5.7363      11.0401  1581.7
0.0560           5.2684      -5.7619      11.0303  1580.3
0.0570           5.2546      -5.7731      11.0276  1579.9
0.0580           5.2648      -5.7638      11.0286  1580.0
0.0590           5.2414      -5.7328      10.9742  1572.2
0.0600           5.2728      -5.6762      10.9490  1568.6
0.0610           5.2687      -5.5959      10.8646  1556.5
0.0620           5.1656      -5.4970      10.6627  1527.6
0.0630           5.1291      -5.3841      10.5132  1506.2
0.0640           5.0805      -5.2658      10.3463  1482.3
0.0650           5.0880      -5.1459      10.2339  1466.2
0.0660           5.0805      -5.0282      10.1088  1448.2
0.0670           5.0159      -4.9154       9.9314  1422.8
0.0680           5.0416      -4.8083       9.8499  1411.1
0.0690           4.9885      -4.7095       9.6980  1389.4
0.0700           4.9418      -4.6181       9.5598  1369.6
0.0710           4.9848      -4.5314       9.5163  1363.4
0.0720           4.9880      -4.4503       9.4383  1352.2
0.0730           4.9511      -4.3747       9.3258  1336.1
0.0740           5.0180      -4.3069       9.3249  1335.9
0.0750           4.9620      -4.2505       9.2125  1319.8
0.0760           4.9574      -4.2102       9.1676  1313.4
0.0770           4.9591      -4.1908       9.1499  1310.9
0.0780           4.9521      -4.1937       9.1458  1310.3
0.0790           4.9109      -4.2208       9.1317  1308.3
0.0800           4.8826      -4.2685       9.1511  1311.0
0.0810           4.8335      -4.3314       9.1648  1313.0
0.0820           4.7937      -4.3982       9.1920  1316.9
0.0830           4.8186      -4.4567       9.2753  1328.8
0.0840           4.7581      -4.5009       9.2590  1326.5
0.0850           4.7677      -4.5249       9.2925  1331.3
0.0860           4.7272      -4.5297       9.2569  1326.2
0.0870           4.7098      -4.5225       9.2323  1322.7
0.0880           4.6416      -4.5119       9.1534  1311.4
0.0890           4.6008      -4.5076       9.1084  1304.9
0.0900           4.5988      -4.5176       9.1164  1306.1
0.0910           4.5827      -4.5484       9.1311  1308.2
0.0920           4.5075      -4.6018       9.1093  1305.1
0.0930           4.4630      -4.6718       9.1348  1308.7
0.0940           4.4360      -4.7506       9.1866  1316.1
0.0950           4.3998      -4.8294       9.2292  1322.2
0.0960           4.3753      -4.8987       9.2740  1328.7
0.0970           4.3455      -4.9550       9.3006  1332.5
0.0980           4.3129      -4.9993       9.3122  1334.1
0.0990           4.2960      -5.0280       9.3239  1335.8
0.1000           4.2188      -5.0388       9.2575  1326.3
0.1010           4.1881      -5.0306       9.2187  1320.7
0.1020           4.1419      -5.0016       9.1434  1309.9
0.1030           4.1230      -4.9529       9.0759  1300.3
0.1040           4.0875      -4.8909       8.9784  1286.3
0.1050           4.1028      -4.8254       8.9283  1279.1
0.1060           4.1019      -4.7653       8.8672  1270.4
0.1070           4.0203      -4.7192       8.7394  1252.1
0.1080           4.0512      -4.6980       8.7492  1253.5
0.1090           4.0225      -4.7086       8.7311  1250.9
0.1100           3.9419      -4.7563       8.6981  1246.1
0.1110           3.9594      -4.8421       8.8016  1261.0
0.1120           3.9775      -4.9614       8.9389  1280.6
0.1130           3.9645      -5.1087       9.0732  1299.9
0.1140           3.9112      -5.2708       9.1820  1315.5
0.1150           3.8487      -5.4368       9.2855  1330.3
0.1160           3.8545      -5.5938       9.4483  1353.6
0.1170           3.7764      -5.7301       9.5065  1362.0
0.1180           3.7415      -5.8352       9.5766  1372.0
0.1190           3.6531      -5.8974       9.5505  1368.3
0.1200           3.6437      -5.9072       9.5510  1368.3
0.1210           3.6097      -5.8648       9.4744  1357.4
0.1220           3.5820      -5.7829       9.3649  1341.7
0.1230           3.5916      -5.6825       9.2741  1328.7
0.1240           3.5959      -5.5867       9.1826  1315.6
0.1250           3.5621      -5.5186       9.0808  1301.0
0.1260           3.5278      -5.4896       9.0174  1291.9
0.1270           3.4657      -5.5027       8.9684  1284.9
0.1280           3.4340      -5.5559       8.9899  1287.9
0.1290           3.4780      -5.6423       9.1203  1306.6
0.1300           3.4751      -5.7474       9.2225  1321.3
0.1310           3.4368      -5.8572       9.2941  1331.5
0.1320           3.4657      -5.9610       9.4267  1350.5
0.1330           3.4874      -6.0494       9.5368  1366.3
0.1340           3.4506      -6.1134       9.5640  1370.2
0.1350           3.4159      -6.1500       9.5658  1370.5
0.1360           3.4242      -6.1594       9.5835  1373.0
0.1370           3.3826      -6.1446       9.5272  1364.9
0.1380           3.3893      -6.1076       9.4970  1360.6
0.1390           3.3761      -6.0481       9.4243  1350.2
0.1400           3.3000      -5.9678       9.2678  1327.8
0.1410           3.3122      -5.8690       9.1811  1315.3
0.1420           3.3135      -5.7575       9.0710  1299.6
0.1430           3.3006      -5.6415       8.9421  1281.1
0.1440           3.2738      -5.5262       8.7999  1260.7
0.1450           3.3060      -5.4162       8.7223  1249.6
0.1460           3.3029      -5.3128       8.6157  1234.3
0.1470           3.2428      -5.2116       8.4543  1211.2
0.1480           3.2646      -5.1078       8.3723  1199.5
0.1490           3.2260      -4.9961       8.2221  1177.9
0.1500           3.1395      -4.8731       8.0126  1147.9
0.1510           3.1103      -4.7351       7.8454  1124.0
0.1520           3.0658      -4.5864       7.6522  1096.3
0.1530           3.0182      -4.4285       7.4467  1066.9
0.1540           2.9942      -4.2685       7.2627  1040.5
0.1550           2.9749      -4.1142       7.0890  1015.6
0.1560           2.9500      -3.9767       6.9267   992.4
0.1570           2.9148      -3.8634       6.7782   971.1
0.1580           2.9153      -3.7770       6.6923   958.8
0.1590           2.8665      -3.7172       6.5837   943.2
0.1600           2.8346      -3.6848       6.5194   934.0
0.1610           2.8321      -3.6785       6.5106   932.7
0.1620           2.8744      -3.6962       6.5706   941.3
0.1630           2.9149      -3.7330       6.6479   952.4
0.1640           2.8958      -3.7872       6.6831   957.5
0.1650           2.9006      -3.8575       6.7581   968.2
0.1660           2.8803      -3.9422       6.8226   977.4
0.1670           2.8549      -4.0409       6.8958   987.9
0.1680           2.8710      -4.1544       7.0254  1006.5
0.1690           2.8823      -4.2822       7.1645  1026.4
0.1700           2.8401      -4.4217       7.2618  1040.4
0.1710           2.8592      -4.5722       7.4314  1064.7
0.1720           2.8347      -4.7302       7.5649  1083.8
0.1730           2.8467      -4.8857       7.7324  1107.8
0.1740           2.8045      -5.0299       7.8344  1122.4
0.1750           2.7893      -5.1557       7.9450  1138.2
0.1760           2.7802      -5.2600       8.0402  1151.9
0.1770           2.7435      -5.3381       8.0816  1157.8
0.1780           2.7326      -5.3923       8.1249  1164.0
0.1790           2.6878      -5.4256       8.1134  1162.4
0.1800           2.6675      -5.4403       8.1078  1161.6
0.1810           2.6331      -5.4396       8.0727  1156.5
0.1820           2.5909      -5.4255       8.0164  1148.5
0.1830           2.6110      -5.3971       8.0081  1147.3
0.1840           2.5753      -5.3580       7.9333  1136.6
0.1850           2.5450      -5.3111       7.8561  1125.5
0.1860           2.5189      -5.2594       7.7783  1114.4
0.1870           2.5408      -5.2073       7.7481  1110.0
0.1880           2.5264      -5.1570       7.6834  1100.8
0.1890           2.5534      -5.1112       7.6646  1098.1
0.1900           2.5561      -5.0743       7.6304  1093.2
0.1910           2.5616      -5.0486       7.6102  1090.3
0.1920           2.5499      -5.0325       7.5824  1086.3
0.1930           2.5565      -5.0257       7.5822  1086.3
0.1940           2.5364      -5.0245       7.5609  1083.2
0.1950           2.5267      -5.0242       7.5509  1081.8
0.1960           2.5151      -5.0196       7.5347  1079.5
0.1970           2.4798      -5.0056       7.4854  1072.4
0.1980           2.4602      -4.9804       7.4406  1066.0
0.1990           2.3897      -4.9426       7.3323  1050.5
0.2000           2.4314      -4.8926       7.3240  1049.3
0.2010           2.4614      -4.8266       7.2881  1044.1
0.2020           2.4297      -4.7495       7.1792  1028.5
0.2030           2.4644      -4.6659       7.1304  1021.5
0.2040           2.4583      -4.5808       7.0391  1008.5
0.2050           2.4368      -4.5000       6.9368   993.8
0.2060           2.4289      -4.4288       6.8577   982.5
0.2070           2.4260      -4.3734       6.7993   974.1
0.2080           2.4266      -4.3398       6.7664   969.4
0.2090           2.4153      -4.3327       6.7480   966.8
0.2100           2.3813      -4.3511       6.7324   964.5
0.2110           2.3430      -4.3957       6.7388   965.4
0.2120           2.3382      -4.4655       6.8038   974.7
0.2130           2.3566      -4.5550       6.9116   990.2
0.2140           2.3909      -4.6583       7.0492  1009.9
0.2150           2.3803      -4.7682       7.1485  1024.1
0.2160           2.3580      -4.8751       7.2331  1036.2
0.2170           2.3095      -4.9733       7.2828  1043.4
0.2180           2.3191      -5.0558       7.3749  1056.6
0.2190           2.2836      -5.1215       7.4051  1060.9
0.2200           2.2639      -5.1670       7.4310  1064.6
0.2210           2.2751      -5.1924       7.4674  1069.8
0.2220           2.3044      -5.2003       7.5046  1075.2
0.2230           2.3265      -5.1943       7.5208  1077.5
0.2240           2.3469      -5.1774       7.5242  1078.0
0.2250           2.3547      -5.1530       7.5077  1075.6
0.2260           2.3162      -5.1247       7.4409  1066.0
0.2270           2.3015      -5.0994       7.4009  1060.3
0.2280           2.2629      -5.0848       7.3477  1052.7
0.2290           2.2632      -5.0862       7.3493  1052.9
0.2300           2.2406      -5.1065       7.3471  1052.6
0.2310           2.1858      -5.1505       7.3362  1051.0
0.2320           2.2069      -5.2190       7.4259  1063.9
0.2330           2.1924      -5.3103       7.5027  1074.9
0.2340           2.1652      -5.4178       7.5831  1086.4
0.2350           2.1730      -5.5366       7.7096  1104.5
0.2360           2.1940      -5.6563       7.8503  1124.7
0.2370           2.1981      -5.7669       7.9650  1141.1
0.2380           2.2464      -5.8634       8.1098  1161.9
0.2390           2.2449      -5.9394       8.1843  1172.5
0.2400           2.1795      -5.9914       8.1709  1170.6
0.2410           2.1349      -6.0166       8.1515  1167.8
0.2420           2.1370      -6.0153       8.1523  1167.9
0.2430           2.0861      -5.9902       8.0763  1157.1
0.2440           2.0407      -5.9464       7.9871  1144.3
0.2450           2.0124      -5.8875       7.8999  1131.8
0.2460           2.0139      -5.8167       7.8307  1121.9
0.2470           1.9804      -5.7378       7.7183  1105.8
0.2480           1.9842      -5.6522       7.6364  1094.0
0.2490           1.9344      -5.5609       7.4953  1073.8
0.2500           1.9054      -5.4656       7.3711  1056.0
0.2510           1.8586      -5.3706       7.2292  1035.7
0.2520           1.9172      -5.2789       7.1962  1031.0
0.2530           1.9618      -5.1981       7.1600  1025.8
0.2540           2.0013      -5.1343       7.1356  1022.3
0.2550           1.9691      -5.0930       7.0621  1011.8
0.2560           1.9655      -5.0789       7.0444  1009.2
0.2570           1.9985      -5.0951       7.0935  1016.3
0.2580           1.9693      -5.1407       7.1100  1018.6
0.2590           1.9492      -5.2110       7.1602  1025.8
0.2600           1.9574      -5.3011       7.2585  1039.9
0.2610           1.9589      -5.4051       7.3640  1055.0
0.2620           2.0030      -5.5145       7.5176  1077.0
0.2630           1.9881      -5.6243       7.6124  1090.6
0.2640           1.9818      -5.7267       7.7086  1104.4
0.2650           2.0232      -5.8147       7.8378  1122.9
0.2660           1.9866      -5.8827       7.8693  1127.4
0.2670           1.9865      -5.9259       7.9124  1133.6
0.2680           2.0146      -5.9441       7.9587  1140.2
0.2690           1.9179      -5.9400       7.8579  1125.8
0.2700           1.8898      -5.9162       7.8060  1118.3
0.2710           1.8883      -5.8776       7.7659  1112.6
0.2720           1.8745      -5.8300       7.7045  1103.8
0.2730           1.8582      -5.7790       7.6372  1094.1
0.2740           1.8626      -5.7295       7.5921  1087.7
0.2750           1.8393      -5.6878       7.5271  1078.4
0.2760           1.8608      -5.6599       7.5207  1077.5
0.2770           1.8329      -5.6484       7.4813  1071.8
0.2780           1.8571      -5.6538       7.5109  1076.1
0.2790           1.8363      -5.6720       7.5083  1075.7
0.2800           1.8262      -5.7041       7.5303  1078.8
0.2810           1.8596      -5.7435       7.6031  1089.3
0.2820           1.8397      -5.7847       7.6244  1092.3
0.2830           1.7836      -5.8207       7.6043  1089.4
0.2840           1.7922      -5.8472       7.6394  1094.5
0.2850           1.8008      -5.8591       7.6599  1097.4
0.2860           1.8210      -5.8534       7.6744  1099.5
0.2870           1.8099      -5.8269       7.6368  1094.1
0.2880           1.7756      -5.7812       7.5569  1082.6
0.2890           1.7943      -5.7179       7.5121  1076.2
0.2900           1.8090      -5.6405       7.4495  1067.3
0.2910           1.8458      -5.5528       7.3986  1060.0
0.2920           1.8340      -5.4615       7.2955  1045.2
0.2930           1.7983      -5.3672       7.1655  1026.6
0.2940           1.8414      -5.2758       7.1173  1019.7
0.2950           1.7989      -5.1916       6.9905  1001.5
0.2960           1.7906      -5.1176       6.9081   989.7
0.2970           1.7868      -5.0538       6.8405   980.0
0.2980           1.7875      -5.0001       6.7876   972.4
0.2990           1.7539      -4.9542       6.7081   961.0
0.3000           1.7873      -4.9160       6.7033   960.4
0.3010           1.7766      -4.8830       6.6596   954.1
0.3020           1.8008      -4.8528       6.6535   953.2
0.3030           1.8080      -4.8276       6.6357   950.7
0.3040           1.7989      -4.8062       6.6051   946.3
0.3050           1.7291      -4.7904       6.5195   934.0
0.3060           1.7173      -4.7842       6.5015   931.4
0.3070           1.7036      -4.7869       6.4906   929.9
0.3080           1.7186      -4.8000       6.5186   933.9
0.3090           1.7078      -4.8231       6.5309   935.7
0.3100           1.6699      -4.8547       6.5246   934.8
0.3110           1.6386      -4.8914       6.5300   935.5
0.3120           1.6706      -4.9317       6.6023   945.9
0.3130           1.6974      -4.9722       6.6696   955.5
0.3140           1.7079      -5.0082       6.7161   962.2
0.3150           1.6572      -5.0377       6.6949   959.2
0.3160           1.6199      -5.0580       6.6778   956.7
0.3170           1.6067      -5.0686       6.6753   956.3
0.3180           1.6190      -5.0696       6.6886   958.2
0.3190           1.6212      -5.0624       6.6836   957.5
0.3200           1.6623      -5.0495       6.7118   961.6
0.3210           1.6314      -5.0339       6.6653   954.9
0.3220           1.5915      -5.0201       6.6115   947.2
0.3230           1.6102      -5.0117       6.6219   948.7
0.3240           1.5450      -5.0145       6.5595   939.8
0.3250           1.5370      -5.0337       6.5707   941.4
0.3260           1.5503      -5.0745       6.6248   949.1
0.3270           1.5426      -5.1409       6.6835   957.5
0.3280           1.4858      -5.2351       6.7209   962.9
0.3290           1.5090      -5.3545       6.8635   983.3
0.3300           1.4732      -5.4935       6.9666   998.1
0.3310           1.4759      -5.6455       7.1214  1020.3
0.3320           1.4501      -5.8049       7.2550  1039.4
0.3330           1.4790      -5.9629       7.4419  1066.2
0.3340           1.4778      -6.1084       7.5863  1086.9
0.3350           1.4947      -6.2338       7.7285  1107.2
0.3360           1.4528      -6.3333       7.7861  1115.5
0.3370           1.4675      -6.4054       7.8730  1127.9
0.3380           1.4482      -6.4497       7.8979  1131.5
0.3390           1.4485      -6.4692       7.9177  1134.3
0.3400           1.4714      -6.4711       7.9425  1137.9
0.3410           1.4490      -6.4583       7.9073  1132.8
0.3420           1.4601      -6.4331       7.8933  1130.8
0.3430           1.4738      -6.4008       7.8746  1128.2
0.3440           1.4488      -6.3633       7.8121  1119.2
0.3450           1.3956      -6.3216       7.7171  1105.6
0.3460           1.3650      -6.2775       7.6426  1094.9
0.3470           1.3461      -6.2294       7.5755  1085.3
0.3480           1.3481      -6.1788       7.5269  1078.4
0.3490           1.3378      -6.1299       7.4678  1069.9
0.3500           1.3123      -6.0821       7.3944  1059.4
0.3510           1.2764      -6.0390       7.3154  1048.0
0.3520           1.2916      -6.0059       7.2975  1045.5
0.3530           1.3329      -5.9843       7.3172  1048.3
0.3540           1.3125      -5.9713       7.2838  1043.5
0.3550           1.3112      -5.9713       7.2825  1043.3
0.3560           1.3177      -5.9855       7.3032  1046.3
0.3570           1.3117      -6.0108       7.3225  1049.1
0.3580           1.2871      -6.0425       7.3295  1050.1
0.3590           1.2145      -6.0786       7.2931  1044.9
0.3600           1.2059      -6.1144       7.3203  1048.7
0.3610           1.1732      -6.1428       7.3159  1048.1
0.3620           1.1471      -6.1575       7.3045  1046.5
0.3630           1.0933      -6.1551       7.2484  1038.4
0.3640           1.0993      -6.1331       7.2324  1036.2
0.3650           1.0805      -6.0886       7.1690  1027.1
0.3660           1.1099      -6.0232       7.1331  1021.9
0.3670           1.0587      -5.9395       6.9982  1002.6
0.3680           1.0446      -5.8395       6.8841   986.3
0.3690           1.0790      -5.7288       6.8078   975.3
0.3700           1.1186      -5.6093       6.7279   963.9
0.3710           1.1485      -5.4861       6.6346   950.5
0.3720           1.1549      -5.3629       6.5178   933.8
0.3730           1.1593      -5.2462       6.4055   917.7
0.3740           1.1148      -5.1398       6.2546   896.1
0.3750           1.1290      -5.0471       6.1761   884.8
0.3760           1.1183      -4.9685       6.0868   872.0
0.3770           1.1091      -4.9075       6.0166   862.0
0.3780           1.0771      -4.8643       5.9415   851.2
0.3790           1.0777      -4.8376       5.9153   847.5
0.3800           1.0840      -4.8247       5.9087   846.5
0.3810           1.0727      -4.8235       5.8962   844.7
0.3820           1.0727      -4.8335       5.9062   846.2
0.3830           1.1183      -4.8518       5.9700   855.3
0.3840           1.1342      -4.8758       6.0100   861.0
0.3850           1.0971      -4.8991       5.9962   859.0
0.3860           1.1058      -4.9197       6.0255   863.2
0.3870           1.1144      -4.9319       6.0463   866.2
0.3880           1.0845      -4.9349       6.0195   862.4
0.3890           1.0947      -4.9306       6.0253   863.2
0.3900           1.0758      -4.9218       5.9976   859.3
0.3910           1.0632      -4.9145       5.9777   856.4
0.3920           1.0679      -4.9146       5.9825   857.1
0.3930           1.0426      -4.9297       5.9722   855.6
0.3940           1.0385      -4.9644       6.0029   860.0
0.3950           0.9810      -5.0175       5.9985   859.4
0.3960           1.0252      -5.0906       6.1158   876.2
0.3970           1.0394      -5.1823       6.2217   891.4
0.3980           1.0542      -5.2859       6.3401   908.3
0.3990           1.0281      -5.3989       6.4270   920.8
0.4000           1.0200      -5.5146       6.5346   936.2
0.4010           1.0207      -5.6271       6.6478   952.4
0.4020           1.0275      -5.7291       6.7565   968.0
0.4030           0.9947      -5.8102       6.8049   974.9
0.4040           0.9788      -5.8642       6.8430   980.4
0.4050           0.9589      -5.8888       6.8477   981.0
0.4060           0.9932      -5.8835       6.8767   985.2
0.4070           0.9689      -5.8528       6.8216   977.3
0.4080           1.0165      -5.8021       6.8186   976.9
0.4090           0.9881      -5.7395       6.7276   963.8
0.4100           0.9482      -5.6696       6.6179   948.1
0.4110           0.9593      -5.5966       6.5559   939.2
0.4120           0.9715      -5.5253       6.4968   930.8
0.4130           0.9378      -5.4581       6.3959   916.3
0.4140           0.9368      -5.3961       6.3329   907.3
0.4150           0.9575      -5.3422       6.2996   902.5
0.4160           0.9706      -5.2951       6.2656   897.7
0.4170           0.9754      -5.2555       6.2309   892.7
0.4180           0.9988      -5.2238       6.2225   891.5
0.4190           0.9501      -5.1997       6.1498   881.1
0.4200           0.9431      -5.1833       6.1264   877.7
0.4210           0.9096      -5.1737       6.0833   871.5
0.4220           0.9016      -5.1690       6.0705   869.7
0.4230           0.9098      -5.1690       6.0788   870.9
0.4240           0.8885      -5.1712       6.0597   868.1
0.4250           0.9176      -5.1757       6.0933   873.0
0.4260           0.8989      -5.1830       6.0819   871.3
0.4270           0.8378      -5.1941       6.0319   864.2
0.4280           0.8103      -5.2094       6.0197   862.4
0.4290           0.8154      -5.2266       6.0420   865.6
0.4300           0.7344      -5.2438       5.9781   856.5
0.4310           0.7213      -5.2599       5.9811   856.9
0.4320           0.7313      -5.2718       6.0031   860.0
0.4330           0.7131      -5.2798       5.9929   858.6
0.4340           0.6974      -5.2872       5.9846   857.4
0.4350           0.7088      -5.2975       6.0063   860.5
0.4360           0.7146      -5.3150       6.0295   863.8
0.4370           0.7052      -5.3412       6.0464   866.2
0.4380           0.7246      -5.3752       6.0998   873.9
0.4390           0.7185      -5.4198       6.1382   879.4
0.4400           0.7312      -5.4716       6.2028   888.6
0.4410           0.7271      -5.5254       6.2525   895.8
0.4420           0.7424      -5.5767       6.3191   905.3
0.4430           0.7154      -5.6228       6.3383   908.1
0.4440           0.7442      -5.6594       6.4036   917.4
0.4450           0.7399      -5.6837       6.4236   920.3
0.4460           0.6843      -5.6972       6.3815   914.3
0.4470           0.6484      -5.7032       6.3517   910.0
0.4480           0.6574      -5.7055       6.3629   911.6
0.4490           0.6428      -5.7067       6.3495   909.7
0.4500           0.6267      -5.7113       6.3380   908.0
0.4510           0.5958      -5.7186       6.3144   904.6
0.4520           0.5602      -5.7287       6.2888   901.0
0.4530           0.5095      -5.7407       6.2503   895.4
0.4540           0.5138      -5.7531       6.2669   897.8
0.4550           0.5079      -5.7643       6.2723   898.6
0.4560           0.4547      -5.7731       6.2279   892.2
0.4570           0.4973      -5.7791       6.2765   899.2
0.4580           0.4741      -5.7811       6.2552   896.2
0.4590           0.4825      -5.7769       6.2595   896.8
0.4600           0.5085      -5.7681       6.2765   899.2
0.4610           0.4598      -5.7543       6.2140   890.3
0.4620           0.4585      -5.7367       6.1952   887.6
0.4630           0.4311      -5.7171       6.1482   880.8
0.4640           0.4468      -5.6977       6.1445   880.3
0.4650           0.4219      -5.6830       6.1049   874.6
0.4660           0.4256      -5.6772       6.1028   874.3
0.4670           0.4060      -5.6815       6.0875   872.1
0.4680           0.4001      -5.6950       6.0952   873.2
0.4690           0.4152      -5.7166       6.1318   878.5
0.4700           0.3617      -5.7455       6.1071   874.9
0.4710           0.3554      -5.7839       6.1393   879.6
0.4720           0.3851      -5.8308       6.2158   890.5
0.4730           0.3878      -5.8870       6.2748   899.0
0.4740           0.4002      -5.9519       6.3521   910.0
0.4750           0.3762      -6.0329       6.4091   918.2
0.4760           0.4267      -6.1237       6.5504   938.5
0.4770           0.3761      -6.2187       6.5948   944.8
0.4780           0.3921      -6.3103       6.7024   960.2
0.4790           0.3963      -6.3920       6.7883   972.5
0.4800           0.3437      -6.4535       6.7972   973.8
0.4810           0.3697      -6.4844       6.8542   982.0
0.4820           0.3799      -6.4756       6.8555   982.2
0.4830           0.3642      -6.4251       6.7894   972.7
0.4840           0.3948      -6.3330       6.7278   963.9
0.4850           0.4100      -6.2044       6.6144   947.6
0.4860           0.4098      -6.0495       6.4593   925.4
0.4870           0.4109      -5.8782       6.2891   901.0
0.4880           0.4260      -5.7027       6.1288   878.0
0.4890           0.3849      -5.5291       5.9140   847.3
0.4900           0.4046      -5.3684       5.7731   827.1
0.4910           0.3775      -5.2252       5.6027   802.7
0.4920           0.3712      -5.1010       5.4722   784.0
0.4930           0.3479      -4.9999       5.3478   766.2
0.4940           0.3977      -4.9209       5.3186   762.0
0.4950           0.3978      -4.8625       5.2603   753.6
0.4960           0.4104      -4.8240       5.2343   749.9
0.4970           0.4150      -4.8042       5.2192   747.7
0.4980           0.4142      -4.8037       5.2178   747.5
0.4990           0.4075      -4.8189       5.2263   748.8
0.5000           0.4002      -4.8446       5.2448   751.4
0.5010           0.4134      -4.8799       5.2933   758.3
0.5020           0.4123      -4.9205       5.3328   764.0
0.5030           0.3539      -4.9643       5.3183   761.9
0.5040           0.3264      -5.0070       5.3334   764.1
0.5050           0.3191      -5.0495       5.3686   769.1
0.5060           0.2899      -5.0947       5.3847   771.4
0.5070           0.2445      -5.1433       5.3878   771.9
0.5080           0.1775      -5.1957       5.3732   769.8
0.5090           0.1749      -5.2512       5.4261   777.4
0.5100           0.1526      -5.3069       5.4594   782.2
0.5110           0.1634      -5.3587       5.5221   791.1
0.5120           0.1612      -5.4073       5.5684   797.8
0.5130           0.2010      -5.4521       5.6531   809.9
0.5140           0.1540      -5.4926       5.6466   809.0
0.5150           0.2041      -5.5275       5.7316   821.1
0.5160           0.2319      -5.5549       5.7869   829.1
0.5170           0.2301      -5.5719       5.8020   831.2
