Time[ps]      Etot[eV]     Epot[eV]     Ekin[eV]    T[K]
0.0000          -54.797      -71.891       17.094   367.4
0.0020          -54.885      -71.899       17.015   365.6
0.0040          -54.894      -71.886       16.991   365.1
0.0060          -54.899      -71.849       16.950   364.2
0.0080          -54.948      -71.787       16.838   361.9
0.0100          -54.824      -71.699       16.875   362.6
0.0120          -54.808      -71.584       16.776   360.5
0.0140          -54.743      -71.443       16.701   358.9
0.0160          -54.748      -71.277       16.530   355.2
0.0180          -54.786      -71.087       16.300   350.3
0.0200          -54.892      -70.879       15.987   343.6
0.0220          -54.864      -70.658       15.794   339.4
0.0240          -54.970      -70.429       15.459   332.2
0.0260          -55.057      -70.199       15.142   325.4
0.0280          -55.129      -69.974       14.845   319.0
0.0300          -55.105      -69.751       14.646   314.7
0.0320          -55.029      -69.534       14.505   311.7
0.0340          -55.134      -69.333       14.200   305.1
0.0360          -55.138      -69.154       14.016   301.2
0.0380          -55.097      -68.996       13.900   298.7
0.0400          -55.192      -68.869       13.676   293.9
0.0420          -55.136      -68.777       13.641   293.1
0.0440          -55.037      -68.720       13.683   294.0
0.0460          -55.118      -68.698       13.580   291.8
0.0480          -55.117      -68.711       13.594   292.1
0.0500          -55.090      -68.760       13.670   293.8
0.0520          -55.142      -68.841       13.699   294.4
0.0540          -55.124      -68.955       13.831   297.2
0.0560          -55.121      -69.091       13.971   300.2
0.0580          -55.082      -69.251       14.169   304.5
0.0600          -55.113      -69.428       14.315   307.6
0.0620          -55.100      -69.619       14.519   312.0
0.0640          -55.100      -69.816       14.716   316.2
0.0660          -55.115      -70.014       14.899   320.2
0.0680          -55.129      -70.208       15.079   324.0
0.0700          -55.218      -70.394       15.176   326.1
0.0720          -55.268      -70.568       15.300   328.8
0.0740          -55.281      -70.728       15.447   332.0
0.0760          -55.371      -70.869       15.498   333.0
0.0780          -55.327      -70.990       15.662   336.6
0.0800          -55.349      -71.091       15.742   338.3
0.0820          -55.462      -71.170       15.708   337.6
0.0840          -55.482      -71.226       15.744   338.3
0.0860          -55.565      -71.261       15.697   337.3
0.0880          -55.526      -71.278       15.752   338.5
0.0900          -55.536      -71.277       15.740   338.3
0.0920          -55.583      -71.257       15.674   336.8
0.0940          -55.546      -71.219       15.672   336.8
0.0960          -55.595      -71.165       15.570   334.6
0.0980          -55.570      -71.097       15.527   333.7
0.1000          -55.580      -71.018       15.439   331.8
0.1020          -55.554      -70.928       15.374   330.4
0.1040          -55.597      -70.826       15.229   327.3
0.1060          -55.597      -70.716       15.119   324.9
0.1080          -55.670      -70.604       14.934   320.9
0.1100          -55.688      -70.490       14.802   318.1
0.1120          -55.694      -70.376       14.682   315.5
0.1140          -55.655      -70.263       14.607   313.9
0.1160          -55.620      -70.153       14.532   312.3
0.1180          -55.629      -70.049       14.420   309.9
0.1200          -55.532      -69.954       14.422   309.9
0.1220          -55.391      -69.870       14.479   311.2
0.1240          -55.421      -69.797       14.376   308.9
0.1260          -55.320      -69.735       14.415   309.8
0.1280          -55.398      -69.687       14.289   307.1
0.1300          -55.459      -69.654       14.195   305.0
0.1320          -55.460      -69.636       14.176   304.6
0.1340          -55.407      -69.631       14.223   305.7
0.1360          -55.332      -69.640       14.308   307.5
0.1380          -55.378      -69.662       14.284   307.0
0.1400          -55.445      -69.696       14.251   306.3
0.1420          -55.452      -69.740       14.288   307.0
0.1440          -55.393      -69.790       14.397   309.4
0.1460          -55.326      -69.845       14.519   312.0
0.1480          -55.380      -69.903       14.523   312.1
0.1500          -55.349      -69.962       14.613   314.0
0.1520          -55.344      -70.018       14.674   315.3
0.1540          -55.322      -70.069       14.747   316.9
0.1560          -55.308      -70.115       14.807   318.2
0.1580          -55.302      -70.154       14.852   319.2
0.1600          -55.284      -70.188       14.904   320.3
0.1620          -55.333      -70.216       14.883   319.8
0.1640          -55.319      -70.236       14.917   320.6
0.1660          -55.345      -70.249       14.904   320.3
0.1680          -55.435      -70.255       14.820   318.5
0.1700          -55.451      -70.255       14.805   318.2
0.1720          -55.527      -70.250       14.723   316.4
0.1740          -55.511      -70.243       14.732   316.6
0.1760          -55.580      -70.231       14.651   314.8
0.1780          -55.675      -70.214       14.539   312.4
0.1800          -55.688      -70.194       14.506   311.7
0.1820          -55.732      -70.171       14.439   310.3
0.1840          -55.714      -70.146       14.432   310.1
0.1860          -55.740      -70.121       14.381   309.0
0.1880          -55.708      -70.094       14.386   309.2
0.1900          -55.666      -70.065       14.399   309.4
0.1920          -55.735      -70.033       14.298   307.3
0.1940          -55.670      -69.997       14.328   307.9
0.1960          -55.687      -69.961       14.274   306.8
0.1980          -55.700      -69.924       14.224   305.7
0.2000          -55.700      -69.882       14.182   304.8
0.2020          -55.740      -69.839       14.099   303.0
0.2040          -55.706      -69.795       14.089   302.8
0.2060          -55.593      -69.751       14.158   304.3
0.2080          -55.456      -69.707       14.251   306.2
0.2100          -55.513      -69.663       14.150   304.1
0.2120          -55.562      -69.619       14.057   302.1
0.2140          -55.503      -69.577       14.074   302.5
0.2160          -55.589      -69.538       13.949   299.8
0.2180          -55.574      -69.500       13.925   299.3
0.2200          -55.557      -69.465       13.908   298.9
0.2220          -55.514      -69.433       13.919   299.1
0.2240          -55.527      -69.404       13.877   298.2
0.2260          -55.552      -69.379       13.827   297.1
0.2280          -55.580      -69.361       13.781   296.1
0.2300          -55.608      -69.349       13.741   295.3
0.2320          -55.602      -69.340       13.738   295.2
0.2340          -55.589      -69.336       13.747   295.4
0.2360          -55.562      -69.338       13.776   296.0
0.2380          -55.499      -69.343       13.844   297.5
0.2400          -55.478      -69.352       13.874   298.2
0.2420          -55.409      -69.363       13.954   299.9
0.2440          -55.408      -69.375       13.968   300.2
0.2460          -55.451      -69.386       13.935   299.5
0.2480          -55.342      -69.396       14.054   302.0
0.2500          -55.327      -69.403       14.076   302.5
0.2520          -55.354      -69.409       14.055   302.0
0.2540          -55.405      -69.411       14.006   301.0
0.2560          -55.376      -69.412       14.036   301.6
0.2580          -55.335      -69.411       14.076   302.5
0.2600          -55.360      -69.411       14.050   301.9
0.2620          -55.444      -69.408       13.963   300.1
0.2640          -55.511      -69.407       13.897   298.6
0.2660          -55.483      -69.410       13.927   299.3
0.2680          -55.497      -69.418       13.921   299.2
0.2700          -55.488      -69.429       13.942   299.6
0.2720          -55.557      -69.442       13.886   298.4
0.2740          -55.576      -69.458       13.882   298.3
0.2760          -55.548      -69.479       13.931   299.4
0.2780          -55.607      -69.502       13.895   298.6
0.2800          -55.629      -69.525       13.897   298.6
0.2820          -55.652      -69.551       13.899   298.7
0.2840          -55.630      -69.577       13.947   299.7
0.2860          -55.629      -69.607       13.978   300.4
0.2880          -55.665      -69.640       13.976   300.3
0.2900          -55.695      -69.673       13.978   300.4
0.2920          -55.671      -69.708       14.037   301.7
0.2940          -55.695      -69.746       14.051   302.0
0.2960          -55.638      -69.786       14.148   304.0
0.2980          -55.586      -69.825       14.239   306.0
0.3000          -55.484      -69.863       14.379   309.0
0.3020          -55.582      -69.900       14.318   307.7
0.3040          -55.522      -69.937       14.415   309.8
0.3060          -55.515      -69.973       14.458   310.7
0.3080          -55.423      -70.011       14.588   313.5
0.3100          -55.521      -70.048       14.527   312.2
0.3120          -55.531      -70.082       14.552   312.7
0.3140          -55.452      -70.115       14.663   315.1
0.3160          -55.378      -70.146       14.769   317.4
0.3180          -55.367      -70.173       14.806   318.2
0.3200          -55.342      -70.194       14.851   319.2
0.3220          -55.352      -70.211       14.859   319.3
0.3240          -55.360      -70.224       14.864   319.4
0.3260          -55.408      -70.234       14.826   318.6
0.3280          -55.451      -70.239       14.788   317.8
0.3300          -55.423      -70.243       14.820   318.5
0.3320          -55.412      -70.244       14.831   318.7
0.3340          -55.424      -70.242       14.818   318.4
0.3360          -55.359      -70.238       14.879   319.7
0.3380          -55.332      -70.231       14.899   320.2
0.3400          -55.337      -70.224       14.887   319.9
0.3420          -55.309      -70.217       14.908   320.4
0.3440          -55.348      -70.207       14.859   319.3
0.3460          -55.286      -70.194       14.908   320.4
0.3480          -55.328      -70.178       14.850   319.1
0.3500          -55.313      -70.162       14.849   319.1
0.3520          -55.248      -70.144       14.896   320.1
0.3540          -55.250      -70.123       14.873   319.6
0.3560          -55.288      -70.099       14.811   318.3
0.3580          -55.289      -70.070       14.781   317.6
0.3600          -55.324      -70.038       14.714   316.2
0.3620          -55.420      -70.005       14.585   313.4
0.3640          -55.380      -69.971       14.591   313.6
0.3660          -55.408      -69.936       14.528   312.2
0.3680          -55.430      -69.904       14.474   311.0
0.3700          -55.389      -69.875       14.486   311.3
0.3720          -55.377      -69.847       14.470   311.0
0.3740          -55.437      -69.824       14.387   309.2
0.3760          -55.462      -69.803       14.340   308.2
0.3780          -55.481      -69.782       14.301   307.3
0.3800          -55.548      -69.763       14.215   305.5
0.3820          -55.590      -69.748       14.158   304.3
0.3840          -55.648      -69.739       14.091   302.8
0.3860          -55.679      -69.735       14.056   302.1
0.3880          -55.544      -69.735       14.192   305.0
0.3900          -55.562      -69.739       14.177   304.7
0.3920          -55.482      -69.747       14.265   306.6
0.3940          -55.380      -69.760       14.380   309.0
0.3960          -55.382      -69.773       14.391   309.3
0.3980          -55.357      -69.786       14.430   310.1
0.4000          -55.324      -69.799       14.475   311.1
0.4020          -55.340      -69.812       14.472   311.0
0.4040          -55.263      -69.823       14.559   312.9
0.4060          -55.226      -69.833       14.607   313.9
0.4080          -55.178      -69.843       14.665   315.1
0.4100          -55.088      -69.852       14.764   317.3
0.4120          -55.078      -69.859       14.781   317.7
0.4140          -55.145      -69.862       14.717   316.3
0.4160          -55.237      -69.861       14.624   314.3
0.4180          -55.268      -69.858       14.590   313.5
0.4200          -55.194      -69.856       14.662   315.1
0.4220          -55.148      -69.853       14.704   316.0
0.4240          -55.114      -69.847       14.733   316.6
0.4260          -55.049      -69.842       14.793   317.9
0.4280          -55.078      -69.835       14.758   317.1
0.4300          -55.130      -69.828       14.699   315.9
0.4320          -55.061      -69.819       14.758   317.1
0.4340          -55.037      -69.809       14.772   317.5
0.4360          -55.112      -69.799       14.687   315.6
0.4380          -55.043      -69.786       14.742   316.8
0.4400          -55.120      -69.772       14.652   314.9
0.4420          -55.064      -69.758       14.694   315.8
0.4440          -55.093      -69.745       14.652   314.9
0.4460          -55.121      -69.732       14.611   314.0
0.4480          -55.181      -69.719       14.539   312.4
0.4500          -55.202      -69.707       14.505   311.7
0.4520          -55.234      -69.697       14.463   310.8
0.4540          -55.267      -69.692       14.425   310.0
0.4560          -55.232      -69.690       14.457   310.7
0.4580          -55.232      -69.689       14.457   310.7
0.4600          -55.219      -69.690       14.471   311.0
0.4620          -55.168      -69.692       14.524   312.1
0.4640          -55.214      -69.696       14.482   311.2
0.4660          -55.251      -69.697       14.447   310.5
0.4680          -55.255      -69.698       14.443   310.4
0.4700          -55.328      -69.695       14.367   308.7
0.4720          -55.231      -69.688       14.457   310.7
0.4740          -55.313      -69.679       14.366   308.7
0.4760          -55.390      -69.667       14.277   306.8
0.4780          -55.504      -69.654       14.149   304.1
0.4800          -55.575      -69.637       14.062   302.2
0.4820          -55.585      -69.615       14.031   301.5
0.4840          -55.624      -69.589       13.964   300.1
0.4860          -55.656      -69.560       13.904   298.8
0.4880          -55.600      -69.529       13.929   299.3
0.4900          -55.553      -69.499       13.946   299.7
0.4920          -55.547      -69.469       13.922   299.2
0.4940          -55.553      -69.440       13.887   298.4
0.4960          -55.596      -69.416       13.819   297.0
0.4980          -55.572      -69.393       13.821   297.0
0.5000          -55.577      -69.372       13.795   296.5
0.5020          -55.578      -69.354       13.776   296.1
0.5040          -55.597      -69.339       13.742   295.3
0.5060          -55.530      -69.326       13.796   296.5
0.5080          -55.451      -69.316       13.865   298.0
0.5100          -55.436      -69.308       13.872   298.1
0.5120          -55.536      -69.301       13.765   295.8
0.5140          -55.529      -69.297       13.768   295.9
0.5160          -55.550      -69.294       13.744   295.4
0.5180          -55.463      -69.292       13.830   297.2
0.5200          -55.541      -69.294       13.753   295.5
0.5220          -55.527      -69.299       13.772   296.0
0.5240          -55.610      -69.307       13.698   294.4
0.5260          -55.608      -69.319       13.711   294.6
0.5280          -55.629      -69.333       13.704   294.5
0.5300          -55.598      -69.351       13.753   295.6
0.5320          -55.650      -69.369       13.720   294.8
0.5340          -55.793      -69.388       13.596   292.2
0.5360          -55.824      -69.413       13.588   292.0
0.5380          -55.802      -69.438       13.636   293.0
0.5400          -55.907      -69.464       13.557   291.3
0.5420          -55.909      -69.489       13.580   291.8
0.5440          -56.031      -69.514       13.483   289.7
0.5460          -56.054      -69.539       13.485   289.8
0.5480          -56.046      -69.568       13.522   290.6
0.5500          -56.028      -69.598       13.569   291.6
0.5520          -56.051      -69.630       13.579   291.8
0.5540          -56.073      -69.663       13.590   292.0
0.5560          -56.175      -69.697       13.523   290.6
0.5580          -56.187      -69.734       13.547   291.1
0.5600          -56.092      -69.771       13.679   294.0
0.5620          -56.175      -69.807       13.632   292.9
0.5640          -56.209      -69.844       13.635   293.0
0.5660          -56.188      -69.881       13.693   294.3
0.5680          -56.232      -69.919       13.687   294.1
0.5700          -56.237      -69.958       13.721   294.9
0.5720          -56.257      -69.998       13.741   295.3
0.5740          -56.261      -70.036       13.775   296.0
0.5760          -56.331      -70.070       13.739   295.2
0.5780          -56.357      -70.102       13.745   295.4
0.5800          -56.324      -70.130       13.806   296.7
0.5820          -56.277      -70.157       13.880   298.3
0.5840          -56.178      -70.185       14.007   301.0
0.5860          -56.149      -70.212       14.062   302.2
0.5880          -56.104      -70.237       14.133   303.7
0.5900          -56.066      -70.263       14.196   305.1
0.5920          -56.044      -70.290       14.246   306.1
0.5940          -56.061      -70.320       14.260   306.4
0.5960          -56.127      -70.354       14.226   305.7
0.5980          -56.187      -70.390       14.203   305.2
0.6000          -56.244      -70.427       14.183   304.8
0.6020          -56.275      -70.464       14.189   304.9
0.6040          -56.260      -70.502       14.242   306.1
0.6060          -56.292      -70.539       14.246   306.1
0.6080          -56.413      -70.573       14.160   304.3
0.6100          -56.355      -70.604       14.249   306.2
0.6120          -56.427      -70.632       14.205   305.3
0.6140          -56.433      -70.658       14.225   305.7
0.6160          -56.305      -70.682       14.378   309.0
0.6180          -56.317      -70.704       14.386   309.2
0.6200          -56.340      -70.721       14.381   309.0
0.6220          -56.307      -70.737       14.430   310.1
0.6240          -56.294      -70.749       14.456   310.6
0.6260          -56.216      -70.757       14.541   312.5
0.6280          -56.203      -70.758       14.556   312.8
0.6300          -56.300      -70.754       14.454   310.6
0.6320          -56.310      -70.743       14.434   310.2
0.6340          -56.299      -70.728       14.429   310.1
0.6360          -56.367      -70.709       14.342   308.2
0.6380          -56.473      -70.686       14.213   305.4
0.6400          -56.512      -70.660       14.147   304.0
0.6420          -56.548      -70.632       14.084   302.7
0.6440          -56.570      -70.603       14.033   301.6
0.6460          -56.498      -70.574       14.075   302.5
0.6480          -56.554      -70.540       13.986   300.6
0.6500          -56.574      -70.504       13.930   299.4
0.6520          -56.607      -70.469       13.862   297.9
0.6540          -56.539      -70.435       13.896   298.6
0.6560          -56.484      -70.401       13.917   299.1
0.6580          -56.498      -70.367       13.869   298.0
0.6600          -56.603      -70.334       13.731   295.1
0.6620          -56.585      -70.302       13.717   294.8
0.6640          -56.519      -70.271       13.752   295.5
0.6660          -56.606      -70.240       13.633   293.0
0.6680          -56.570      -70.211       13.641   293.1
0.6700          -56.570      -70.185       13.614   292.6
0.6720          -56.511      -70.159       13.648   293.3
0.6740          -56.437      -70.137       13.700   294.4
0.6760          -56.420      -70.118       13.698   294.4
0.6780          -56.486      -70.102       13.615   292.6
0.6800          -56.497      -70.088       13.591   292.1
0.6820          -56.526      -70.075       13.549   291.2
0.6840          -56.581      -70.064       13.483   289.8
0.6860          -56.576      -70.058       13.482   289.7
0.6880          -56.645      -70.056       13.410   288.2
0.6900          -56.619      -70.059       13.439   288.8
0.6920          -56.608      -70.063       13.456   289.2
0.6940          -56.542      -70.070       13.528   290.7
0.6960          -56.521      -70.079       13.558   291.4
0.6980          -56.531      -70.088       13.557   291.3
0.7000          -56.504      -70.093       13.589   292.0
0.7020          -56.511      -70.099       13.588   292.0
0.7040          -56.514      -70.106       13.591   292.1
0.7060          -56.589      -70.112       13.524   290.6
0.7080          -56.626      -70.116       13.490   289.9
0.7100          -56.657      -70.118       13.461   289.3
0.7120          -56.620      -70.118       13.498   290.1
0.7140          -56.603      -70.117       13.515   290.4
0.7160          -56.654      -70.114       13.460   289.3
0.7180          -56.656      -70.107       13.451   289.1
0.7200          -56.649      -70.098       13.449   289.0
0.7220          -56.562      -70.088       13.526   290.7
0.7240          -56.610      -70.075       13.465   289.4
0.7260          -56.610      -70.060       13.450   289.0
0.7280          -56.480      -70.044       13.564   291.5
0.7300          -56.491      -70.025       13.535   290.9
0.7320          -56.375      -70.005       13.629   292.9
0.7340          -56.321      -69.982       13.661   293.6
0.7360          -56.319      -69.954       13.635   293.0
0.7380          -56.344      -69.918       13.574   291.7
0.7400          -56.383      -69.877       13.493   290.0
0.7420          -56.324      -69.832       13.509   290.3
0.7440          -56.360      -69.784       13.424   288.5
0.7460          -56.371      -69.733       13.362   287.2
0.7480          -56.312      -69.681       13.369   287.3
0.7500          -56.231      -69.627       13.395   287.9
0.7520          -56.241      -69.571       13.330   286.5
0.7540          -56.181      -69.514       13.333   286.5
0.7560          -56.220      -69.459       13.240   284.5
0.7580          -56.275      -69.407       13.131   282.2
0.7600          -56.274      -69.360       13.086   281.2
0.7620          -56.273      -69.320       13.047   280.4
0.7640          -56.315      -69.289       12.974   278.8
0.7660          -56.320      -69.267       12.947   278.2
0.7680          -56.311      -69.255       12.944   278.2
0.7700          -56.298      -69.254       12.956   278.4
0.7720          -56.267      -69.263       12.995   279.3
0.7740          -56.325      -69.278       12.953   278.4
0.7760          -56.329      -69.303       12.973   278.8
0.7780          -56.344      -69.336       12.992   279.2
0.7800          -56.233      -69.378       13.145   282.5
0.7820          -56.237      -69.423       13.186   283.4
0.7840          -56.201      -69.468       13.268   285.1
0.7860          -56.152      -69.513       13.361   287.1
0.7880          -56.220      -69.558       13.338   286.6
0.7900          -56.271      -69.606       13.335   286.6
0.7920          -56.220      -69.652       13.431   288.6
0.7940          -56.248      -69.699       13.450   289.0
0.7960          -56.298      -69.748       13.450   289.0
0.7980          -56.333      -69.801       13.468   289.4
0.8000          -56.348      -69.854       13.506   290.2
0.8020          -56.355      -69.907       13.552   291.2
0.8040          -56.206      -69.960       13.754   295.6
0.8060          -56.223      -70.015       13.792   296.4
0.8080          -56.242      -70.071       13.829   297.2
0.8100          -56.294      -70.128       13.833   297.3
0.8120          -56.318      -70.188       13.870   298.1
0.8140          -56.339      -70.249       13.910   298.9
0.8160          -56.400      -70.309       13.909   298.9
0.8180          -56.441      -70.366       13.926   299.3
0.8200          -56.447      -70.421       13.974   300.3
0.8220          -56.502      -70.474       13.972   300.3
0.8240          -56.523      -70.522       13.999   300.8
0.8260          -56.531      -70.568       14.037   301.7
0.8280          -56.441      -70.610       14.169   304.5
0.8300          -56.426      -70.649       14.223   305.7
0.8320          -56.482      -70.681       14.199   305.1
0.8340          -56.503      -70.706       14.203   305.2
0.8360          -56.507      -70.721       14.214   305.5
0.8380          -56.374      -70.731       14.357   308.5
0.8400          -56.345      -70.734       14.389   309.2
0.8420          -56.376      -70.730       14.354   308.5
0.8440          -56.382      -70.719       14.337   308.1
0.8460          -56.383      -70.704       14.321   307.8
0.8480          -56.450      -70.688       14.238   306.0
0.8500          -56.524      -70.671       14.147   304.0
0.8520          -56.612      -70.655       14.043   301.8
0.8540          -56.577      -70.640       14.063   302.2
0.8560          -56.627      -70.624       13.997   300.8
0.8580          -56.543      -70.609       14.066   302.3
0.8600          -56.563      -70.594       14.032   301.5
0.8620          -56.564      -70.580       14.017   301.2
0.8640          -56.566      -70.568       14.002   300.9
0.8660          -56.584      -70.558       13.974   300.3
0.8680          -56.505      -70.551       14.047   301.9
0.8700          -56.471      -70.550       14.079   302.5
0.8720          -56.481      -70.552       14.071   302.4
0.8740          -56.455      -70.556       14.102   303.0
0.8760          -56.369      -70.563       14.194   305.0
0.8780          -56.468      -70.572       14.104   303.1
0.8800          -56.481      -70.580       14.098   303.0
0.8820          -56.437      -70.588       14.151   304.1
0.8840          -56.455      -70.595       14.140   303.9
0.8860          -56.370      -70.600       14.230   305.8
0.8880          -56.387      -70.603       14.216   305.5
0.8900          -56.448      -70.603       14.155   304.2
0.8920          -56.360      -70.600       14.239   306.0
0.8940          -56.342      -70.595       14.253   306.3
0.8960          -56.310      -70.586       14.276   306.8
0.8980          -56.177      -70.574       14.397   309.4
0.9000          -56.150      -70.556       14.406   309.6
0.9020          -56.190      -70.533       14.344   308.2
0.9040          -56.154      -70.506       14.352   308.4
0.9060          -56.134      -70.472       14.338   308.1
0.9080          -56.120      -70.433       14.313   307.6
0.9100          -56.132      -70.389       14.257   306.4
0.9120          -56.113      -70.340       14.226   305.7
0.9140          -56.158      -70.286       14.128   303.6
0.9160          -56.209      -70.231       14.022   301.3
0.9180          -56.185      -70.174       13.989   300.6
0.9200          -56.144      -70.116       13.972   300.3
0.9220          -56.096      -70.060       13.965   300.1
0.9240          -56.104      -70.007       13.903   298.8
0.9260          -56.170      -69.956       13.787   296.3
0.9280          -56.201      -69.910       13.709   294.6
0.9300          -56.166      -69.867       13.702   294.4
0.9320          -56.112      -69.829       13.717   294.8
0.9340          -56.097      -69.793       13.696   294.3
0.9360          -56.086      -69.759       13.673   293.8
0.9380          -56.111      -69.728       13.617   292.6
0.9400          -56.055      -69.698       13.643   293.2
0.9420          -56.145      -69.670       13.526   290.7
0.9440          -56.150      -69.641       13.491   289.9
0.9460          -56.213      -69.613       13.400   288.0
0.9480          -56.229      -69.589       13.360   287.1
0.9500          -56.154      -69.568       13.413   288.3
0.9520          -56.106      -69.553       13.446   289.0
0.9540          -56.106      -69.542       13.436   288.7
0.9560          -56.104      -69.539       13.435   288.7
0.9580          -56.130      -69.542       13.412   288.2
0.9600          -56.201      -69.550       13.349   286.9
0.9620          -56.261      -69.560       13.300   285.8
0.9640          -56.304      -69.575       13.271   285.2
0.9660          -56.250      -69.592       13.341   286.7
0.9680          -56.278      -69.611       13.333   286.5
0.9700          -56.277      -69.630       13.353   287.0
0.9720          -56.249      -69.647       13.399   287.9
0.9740          -56.241      -69.663       13.422   288.4
0.9760          -56.126      -69.678       13.553   291.2
0.9780          -56.140      -69.690       13.550   291.2
0.9800          -56.168      -69.703       13.534   290.9
0.9820          -56.172      -69.712       13.541   291.0
0.9840          -56.242      -69.719       13.477   289.6
0.9860          -56.285      -69.724       13.439   288.8
0.9880          -56.367      -69.725       13.358   287.1
0.9900          -56.346      -69.724       13.377   287.5
0.9920          -56.314      -69.718       13.403   288.0
0.9940          -56.325      -69.708       13.383   287.6
0.9960          -56.409      -69.695       13.286   285.5
0.9980          -56.498      -69.680       13.182   283.3
1.0000          -56.470      -69.660       13.189   283.4
1.0020          -56.445      -69.638       13.193   283.5
1.0040          -56.488      -69.615       13.127   282.1
1.0060          -56.444      -69.590       13.146   282.5
1.0080          -56.444      -69.567       13.123   282.0
1.0100          -56.485      -69.546       13.061   280.7
1.0120          -56.410      -69.527       13.117   281.9
1.0140          -56.405      -69.510       13.106   281.6
1.0160          -56.401      -69.493       13.092   281.4
1.0180          -56.458      -69.477       13.019   279.8
1.0200          -56.403      -69.465       13.061   280.7
1.0220          -56.374      -69.456       13.082   281.1
1.0240          -56.297      -69.447       13.150   282.6
1.0260          -56.285      -69.439       13.154   282.7
1.0280          -56.276      -69.431       13.156   282.7
1.0300          -56.316      -69.423       13.107   281.7
1.0320          -56.380      -69.418       13.038   280.2
1.0340          -56.405      -69.417       13.012   279.6
1.0360          -56.401      -69.423       13.022   279.9
1.0380          -56.412      -69.433       13.020   279.8
1.0400          -56.408      -69.447       13.038   280.2
1.0420          -56.322      -69.462       13.141   282.4
1.0440          -56.285      -69.481       13.196   283.6
1.0460          -56.332      -69.501       13.169   283.0
1.0480          -56.373      -69.524       13.151   282.6
1.0500          -56.422      -69.553       13.131   282.2
1.0520          -56.404      -69.584       13.180   283.2
1.0540          -56.408      -69.617       13.208   283.8
1.0560          -56.401      -69.654       13.254   284.8
1.0580          -56.441      -69.694       13.253   284.8
1.0600          -56.431      -69.733       13.301   285.8
1.0620          -56.389      -69.772       13.383   287.6
1.0640          -56.366      -69.811       13.445   288.9
1.0660          -56.383      -69.846       13.463   289.3
1.0680          -56.375      -69.878       13.503   290.2
1.0700          -56.405      -69.908       13.503   290.2
1.0720          -56.416      -69.935       13.518   290.5
1.0740          -56.468      -69.961       13.493   290.0
1.0760          -56.498      -69.986       13.488   289.9
1.0780          -56.472      -70.011       13.539   291.0
1.0800          -56.452      -70.033       13.582   291.9
1.0820          -56.438      -70.054       13.616   292.6
1.0840          -56.404      -70.072       13.668   293.7
1.0860          -56.355      -70.085       13.730   295.1
1.0880          -56.375      -70.094       13.719   294.8
1.0900          -56.308      -70.101       13.793   296.4
1.0920          -56.198      -70.106       13.908   298.9
1.0940          -56.166      -70.108       13.942   299.6
1.0960          -56.214      -70.108       13.894   298.6
1.0980          -56.204      -70.104       13.901   298.7
1.1000          -56.254      -70.095       13.841   297.4
1.1020          -56.263      -70.081       13.818   296.9
1.1040          -56.214      -70.062       13.847   297.6
1.1060          -56.107      -70.041       13.934   299.4
1.1080          -56.108      -70.020       13.912   299.0
1.1100          -56.103      -70.002       13.898   298.7
1.1120          -56.181      -69.982       13.801   296.6
1.1140          -56.113      -69.965       13.853   297.7
1.1160          -56.042      -69.951       13.909   298.9
1.1180          -55.999      -69.939       13.940   299.6
1.1200          -56.100      -69.930       13.829   297.2
1.1220          -56.147      -69.926       13.779   296.1
1.1240          -56.131      -69.923       13.792   296.4
1.1260          -56.098      -69.923       13.825   297.1
1.1280          -56.155      -69.926       13.772   295.9
1.1300          -56.242      -69.934       13.691   294.2
1.1320          -56.240      -69.945       13.705   294.5
1.1340          -56.216      -69.960       13.745   295.4
1.1360          -56.254      -69.977       13.723   294.9
1.1380          -56.215      -69.997       13.781   296.2
1.1400          -56.226      -70.020       13.794   296.4
1.1420          -56.158      -70.046       13.888   298.5
1.1440          -56.157      -70.073       13.916   299.1
1.1460          -56.154      -70.102       13.948   299.7
1.1480          -56.182      -70.130       13.948   299.7
1.1500          -56.194      -70.160       13.965   300.1
1.1520          -56.238      -70.191       13.953   299.8
1.1540          -56.132      -70.222       14.090   302.8
1.1560          -56.153      -70.254       14.100   303.0
1.1580          -56.178      -70.289       14.111   303.2
1.1600          -56.180      -70.328       14.147   304.0
1.1620          -56.057      -70.368       14.311   307.5
1.1640          -56.136      -70.409       14.272   306.7
1.1660          -56.053      -70.447       14.394   309.3
1.1680          -56.011      -70.484       14.473   311.0
1.1700          -56.068      -70.516       14.448   310.5
1.1720          -56.105      -70.543       14.438   310.3
1.1740          -56.158      -70.564       14.407   309.6
1.1760          -56.220      -70.582       14.362   308.6
1.1780          -56.196      -70.594       14.398   309.4
1.1800          -56.119      -70.601       14.482   311.2
1.1820          -56.047      -70.603       14.556   312.8
1.1840          -56.109      -70.599       14.490   311.4
1.1860          -56.114      -70.589       14.475   311.1
1.1880          -56.094      -70.574       14.480   311.2
1.1900          -56.085      -70.555       14.471   311.0
1.1920          -56.096      -70.535       14.439   310.3
1.1940          -56.062      -70.511       14.449   310.5
1.1960          -56.076      -70.484       14.408   309.6
1.1980          -56.032      -70.455       14.423   310.0
1.2000          -55.927      -70.424       14.497   311.5
1.2020          -55.942      -70.389       14.447   310.5
1.2040          -55.832      -70.349       14.516   312.0
1.2060          -55.812      -70.305       14.494   311.5
1.2080          -55.765      -70.262       14.497   311.5
1.2100          -55.760      -70.220       14.460   310.7
1.2120          -55.672      -70.176       14.504   311.7
1.2140          -55.693      -70.131       14.438   310.3
1.2160          -55.608      -70.087       14.479   311.1
1.2180          -55.619      -70.043       14.424   310.0
1.2200          -55.639      -70.001       14.362   308.6
1.2220          -55.673      -69.965       14.292   307.1
1.2240          -55.787      -69.934       14.146   304.0
1.2260          -55.826      -69.909       14.083   302.6
1.2280          -55.882      -69.891       14.009   301.1
1.2300          -55.906      -69.880       13.973   300.3
1.2320          -55.889      -69.876       13.986   300.6
1.2340          -55.947      -69.880       13.933   299.4
1.2360          -55.983      -69.891       13.908   298.9
1.2380          -55.963      -69.908       13.945   299.7
1.2400          -55.910      -69.932       14.021   301.3
1.2420          -55.855      -69.961       14.106   303.1
1.2440          -55.939      -69.992       14.053   302.0
1.2460          -55.902      -70.026       14.124   303.5
1.2480          -56.015      -70.061       14.046   301.8
1.2500          -55.981      -70.098       14.116   303.4
1.2520          -55.898      -70.133       14.235   305.9
1.2540          -55.863      -70.167       14.304   307.4
1.2560          -55.893      -70.198       14.305   307.4
1.2580          -55.917      -70.224       14.308   307.5
1.2600          -55.926      -70.243       14.317   307.7
1.2620          -55.998      -70.253       14.255   306.3
1.2640          -55.920      -70.252       14.331   308.0
1.2660          -55.870      -70.240       14.370   308.8
1.2680          -55.838      -70.223       14.385   309.1
1.2700          -55.895      -70.197       14.302   307.3
1.2720          -55.839      -70.160       14.321   307.7
1.2740          -55.893      -70.115       14.222   305.6
1.2760          -55.845      -70.065       14.220   305.6
1.2780          -55.910      -70.011       14.102   303.0
1.2800          -55.910      -69.959       14.049   301.9
1.2820          -55.905      -69.907       14.001   300.9
1.2840          -55.863      -69.859       13.996   300.8
1.2860          -55.914      -69.815       13.901   298.7
1.2880          -55.958      -69.775       13.818   296.9
1.2900          -55.925      -69.739       13.814   296.9
1.2920          -56.002      -69.707       13.706   294.5
1.2940          -56.021      -69.683       13.663   293.6
1.2960          -55.929      -69.668       13.739   295.2
1.2980          -55.867      -69.661       13.794   296.4
1.3000          -55.904      -69.661       13.757   295.6
1.3020          -55.952      -69.667       13.715   294.7
1.3040          -55.945      -69.678       13.734   295.1
1.3060          -55.915      -69.693       13.777   296.1
1.3080          -55.951      -69.713       13.761   295.7
1.3100          -55.899      -69.734       13.835   297.3
1.3120          -55.910      -69.757       13.846   297.6
1.3140          -55.947      -69.778       13.831   297.2
1.3160          -56.025      -69.799       13.773   296.0
1.3180          -55.959      -69.818       13.860   297.8
1.3200          -55.956      -69.835       13.879   298.3
1.3220          -55.941      -69.850       13.909   298.9
1.3240          -55.947      -69.865       13.918   299.1
1.3260          -55.987      -69.878       13.891   298.5
1.3280          -56.072      -69.885       13.813   296.8
1.3300          -56.036      -69.889       13.852   297.7
1.3320          -56.044      -69.890       13.846   297.5
1.3340          -55.920      -69.891       13.972   300.2
1.3360          -55.928      -69.890       13.962   300.0
1.3380          -56.055      -69.888       13.832   297.3
1.3400          -56.003      -69.886       13.883   298.3
1.3420          -55.967      -69.882       13.915   299.0
1.3440          -55.984      -69.879       13.895   298.6
1.3460          -55.901      -69.876       13.975   300.3
1.3480          -55.980      -69.877       13.898   298.7
1.3500          -56.039      -69.881       13.842   297.5
1.3520          -56.119      -69.886       13.767   295.8
1.3540          -56.121      -69.893       13.773   296.0
1.3560          -56.157      -69.908       13.750   295.5
1.3580          -56.228      -69.925       13.697   294.4
1.3600          -56.330      -69.947       13.617   292.6
1.3620          -56.278      -69.973       13.695   294.3
1.3640          -56.247      -70.003       13.755   295.6
1.3660          -56.207      -70.032       13.825   297.1
1.3680          -56.263      -70.063       13.800   296.6
1.3700          -56.260      -70.094       13.834   297.3
1.3720          -56.258      -70.122       13.864   297.9
1.3740          -56.277      -70.148       13.871   298.1
1.3760          -56.262      -70.171       13.909   298.9
1.3780          -56.193      -70.191       13.998   300.8
1.3800          -56.168      -70.209       14.041   301.7
1.3820          -56.161      -70.223       14.061   302.2
1.3840          -56.163      -70.232       14.070   302.4
1.3860          -56.121      -70.238       14.117   303.4
1.3880          -56.106      -70.241       14.135   303.8
1.3900          -56.002      -70.240       14.238   306.0
1.3920          -55.953      -70.234       14.281   306.9
1.3940          -55.961      -70.221       14.261   306.5
1.3960          -56.024      -70.202       14.178   304.7
1.3980          -56.032      -70.178       14.146   304.0
1.4000          -56.060      -70.151       14.091   302.8
1.4020          -56.006      -70.121       14.115   303.3
1.4040          -56.068      -70.089       14.021   301.3
1.4060          -56.064      -70.052       13.988   300.6
1.4080          -56.047      -70.012       13.965   300.1
1.4100          -56.015      -69.969       13.954   299.9
1.4120          -55.943      -69.926       13.983   300.5
1.4140          -55.889      -69.882       13.993   300.7
1.4160          -55.900      -69.836       13.936   299.5
1.4180          -56.067      -69.790       13.723   294.9
1.4200          -56.047      -69.743       13.696   294.3
1.4220          -55.928      -69.697       13.769   295.9
1.4240          -55.866      -69.651       13.785   296.2
1.4260          -55.863      -69.606       13.743   295.3
1.4280          -55.795      -69.562       13.767   295.9
1.4300          -55.780      -69.519       13.740   295.3
1.4320          -55.815      -69.478       13.663   293.6
1.4340          -55.832      -69.438       13.606   292.4
1.4360          -55.763      -69.404       13.641   293.1
1.4380          -55.712      -69.376       13.664   293.6
1.4400          -55.647      -69.350       13.703   294.5
1.4420          -55.587      -69.327       13.740   295.3
1.4440          -55.633      -69.306       13.673   293.8
1.4460          -55.535      -69.292       13.757   295.6
1.4480          -55.577      -69.286       13.709   294.6
1.4500          -55.561      -69.286       13.725   294.9
1.4520          -55.502      -69.291       13.789   296.3
1.4540          -55.424      -69.299       13.875   298.2
1.4560          -55.393      -69.312       13.919   299.1
1.4580          -55.325      -69.328       14.002   300.9
1.4600          -55.359      -69.345       13.986   300.6
1.4620          -55.225      -69.363       14.138   303.8
1.4640          -55.155      -69.382       14.227   305.7
1.4660          -55.136      -69.403       14.267   306.6
1.4680          -55.152      -69.422       14.270   306.7
1.4700          -55.232      -69.442       14.210   305.4
1.4720          -55.236      -69.458       14.222   305.6
1.4740          -55.266      -69.472       14.206   305.3
1.4760          -55.264      -69.482       14.219   305.6
1.4780          -55.277      -69.489       14.212   305.4
1.4800          -55.316      -69.495       14.179   304.7
1.4820          -55.292      -69.497       14.205   305.3
1.4840          -55.362      -69.491       14.129   303.6
1.4860          -55.402      -69.482       14.080   302.6
1.4880          -55.422      -69.467       14.045   301.8
1.4900          -55.429      -69.449       14.020   301.3
1.4920          -55.404      -69.427       14.023   301.4
1.4940          -55.335      -69.400       14.065   302.3
1.4960          -55.316      -69.370       14.054   302.0
1.4980          -55.309      -69.337       14.028   301.4
1.5000          -55.298      -69.300       14.001   300.9
1.5020          -55.190      -69.258       14.068   302.3
1.5040          -55.320      -69.214       13.894   298.6
1.5060          -55.303      -69.170       13.866   298.0
1.5080          -55.327      -69.128       13.800   296.6
1.5100          -55.282      -69.091       13.809   296.7
1.5120          -55.348      -69.059       13.711   294.7
1.5140          -55.350      -69.037       13.688   294.2
1.5160          -55.283      -69.027       13.744   295.4
1.5180          -55.204      -69.029       13.826   297.1
1.5200          -55.194      -69.045       13.851   297.7
1.5220          -55.147      -69.071       13.924   299.2
1.5240          -55.079      -69.106       14.027   301.4
1.5260          -55.107      -69.151       14.043   301.8
1.5280          -55.176      -69.202       14.026   301.4
1.5300          -55.235      -69.258       14.023   301.3
1.5320          -55.170      -69.319       14.149   304.1
1.5340          -55.224      -69.382       14.158   304.3
1.5360          -55.223      -69.445       14.222   305.6
1.5380          -55.234      -69.505       14.272   306.7
1.5400          -55.224      -69.560       14.336   308.1
1.5420          -55.172      -69.605       14.433   310.2
1.5440          -55.148      -69.642       14.494   311.5
1.5460          -55.146      -69.671       14.526   312.2
1.5480          -55.140      -69.691       14.551   312.7
1.5500          -55.207      -69.704       14.497   311.5
1.5520          -55.342      -69.708       14.366   308.7
1.5540          -55.414      -69.704       14.289   307.1
1.5560          -55.475      -69.694       14.219   305.6
1.5580          -55.441      -69.680       14.238   306.0
1.5600          -55.414      -69.663       14.249   306.2
1.5620          -55.391      -69.644       14.253   306.3
1.5640          -55.415      -69.626       14.211   305.4
1.5660          -55.370      -69.609       14.238   306.0
1.5680          -55.344      -69.594       14.250   306.2
1.5700          -55.360      -69.578       14.218   305.6
1.5720          -55.381      -69.563       14.183   304.8
1.5740          -55.297      -69.544       14.248   306.2
1.5760          -55.239      -69.526       14.287   307.0
1.5780          -55.280      -69.506       14.227   305.7
1.5800          -55.182      -69.485       14.303   307.4
1.5820          -55.176      -69.466       14.290   307.1
1.5840          -55.146      -69.449       14.303   307.4
1.5860          -55.178      -69.431       14.254   306.3
1.5880          -55.214      -69.417       14.203   305.2
1.5900          -55.262      -69.403       14.140   303.9
1.5920          -55.210      -69.389       14.179   304.7
1.5940          -55.251      -69.377       14.125   303.5
1.5960          -55.391      -69.365       13.974   300.3
1.5980          -55.358      -69.354       13.996   300.8
1.6000          -55.255      -69.346       14.091   302.8
1.6020          -55.274      -69.342       14.067   302.3
1.6040          -55.299      -69.342       14.044   301.8
1.6060          -55.347      -69.350       14.003   300.9
1.6080          -55.332      -69.364       14.032   301.5
1.6100          -55.292      -69.383       14.090   302.8
1.6120          -55.276      -69.405       14.129   303.6
1.6140          -55.317      -69.432       14.115   303.3
1.6160          -55.359      -69.465       14.106   303.1
1.6180          -55.464      -69.507       14.042   301.8
1.6200          -55.488      -69.555       14.066   302.3
1.6220          -55.443      -69.608       14.165   304.4
1.6240          -55.422      -69.667       14.245   306.1
1.6260          -55.384      -69.728       14.345   308.3
1.6280          -55.365      -69.790       14.425   310.0
1.6300          -55.349      -69.853       14.504   311.7
1.6320          -55.417      -69.914       14.496   311.5
1.6340          -55.415      -69.973       14.559   312.9
1.6360          -55.381      -70.030       14.649   314.8
1.6380          -55.475      -70.084       14.609   313.9
1.6400          -55.474      -70.136       14.662   315.1
1.6420          -55.471      -70.183       14.712   316.2
1.6440          -55.527      -70.226       14.700   315.9
1.6460          -55.457      -70.268       14.810   318.3
1.6480          -55.495      -70.306       14.810   318.3
1.6500          -55.569      -70.341       14.771   317.4
1.6520          -55.594      -70.373       14.779   317.6
1.6540          -55.531      -70.400       14.868   319.5
1.6560          -55.582      -70.420       14.839   318.9
1.6580          -55.595      -70.437       14.842   319.0
1.6600          -55.637      -70.451       14.814   318.4
1.6620          -55.678      -70.462       14.784   317.7
1.6640          -55.661      -70.472       14.811   318.3
1.6660          -55.651      -70.481       14.830   318.7
1.6680          -55.593      -70.486       14.893   320.0
1.6700          -55.543      -70.487       14.945   321.2
1.6720          -55.507      -70.487       14.980   321.9
1.6740          -55.540      -70.486       14.946   321.2
1.6760          -55.576      -70.480       14.904   320.3
1.6780          -55.648      -70.472       14.824   318.6
1.6800          -55.697      -70.462       14.765   317.3
1.6820          -55.689      -70.446       14.757   317.1
1.6840          -55.590      -70.430       14.840   318.9
1.6860          -55.717      -70.413       14.697   315.8
1.6880          -55.637      -70.397       14.760   317.2
1.6900          -55.523      -70.380       14.858   319.3
1.6920          -55.496      -70.362       14.866   319.5
1.6940          -55.381      -70.343       14.961   321.5
1.6960          -55.438      -70.321       14.883   319.8
1.6980          -55.442      -70.297       14.855   319.2
1.7000          -55.419      -70.272       14.853   319.2
1.7020          -55.453      -70.245       14.792   317.9
1.7040          -55.470      -70.218       14.747   316.9
1.7060          -55.447      -70.188       14.742   316.8
1.7080          -55.396      -70.158       14.762   317.2
1.7100          -55.438      -70.128       14.690   315.7
1.7120          -55.377      -70.095       14.718   316.3
1.7140          -55.374      -70.060       14.686   315.6
1.7160          -55.345      -70.023       14.677   315.4
1.7180          -55.408      -69.983       14.575   313.2
1.7200          -55.252      -69.942       14.691   315.7
1.7220          -55.180      -69.900       14.721   316.3
1.7240          -55.125      -69.856       14.732   316.6
1.7260          -55.092      -69.811       14.719   316.3
1.7280          -55.132      -69.764       14.632   314.4
1.7300          -55.059      -69.716       14.657   315.0
1.7320          -55.129      -69.669       14.540   312.5
1.7340          -55.160      -69.624       14.464   310.8
1.7360          -55.184      -69.581       14.397   309.4
1.7380          -55.040      -69.543       14.502   311.7
1.7400          -55.081      -69.508       14.427   310.0
1.7420          -55.167      -69.481       14.314   307.6
1.7440          -55.126      -69.461       14.335   308.1
1.7460          -55.151      -69.446       14.295   307.2
1.7480          -55.240      -69.437       14.197   305.1
1.7500          -55.170      -69.431       14.261   306.5
1.7520          -55.167      -69.429       14.263   306.5
1.7540          -55.152      -69.432       14.280   306.9
1.7560          -55.190      -69.440       14.250   306.2
1.7580          -55.224      -69.453       14.229   305.8
1.7600          -55.280      -69.470       14.189   304.9
1.7620          -55.205      -69.490       14.284   307.0
1.7640          -55.324      -69.512       14.188   304.9
1.7660          -55.258      -69.535       14.277   306.8
1.7680          -55.299      -69.558       14.260   306.4
1.7700          -55.257      -69.581       14.324   307.8
1.7720          -55.308      -69.605       14.296   307.2
1.7740          -55.273      -69.627       14.354   308.5
1.7760          -55.266      -69.648       14.382   309.1
1.7780          -55.235      -69.668       14.432   310.2
1.7800          -55.180      -69.685       14.505   311.7
1.7820          -55.182      -69.701       14.519   312.0
1.7840          -55.176      -69.715       14.539   312.4
1.7860          -55.199      -69.728       14.529   312.2
1.7880          -55.257      -69.742       14.486   311.3
1.7900          -55.201      -69.756       14.555   312.8
1.7920          -55.201      -69.767       14.566   313.0
1.7940          -55.276      -69.777       14.501   311.6
1.7960          -55.206      -69.784       14.578   313.3
1.7980          -55.287      -69.786       14.499   311.6
1.8000          -55.275      -69.785       14.510   311.8
1.8020          -55.210      -69.779       14.569   313.1
1.8040          -55.250      -69.771       14.520   312.0
1.8060          -55.265      -69.759       14.494   311.5
1.8080          -55.301      -69.746       14.446   310.4
1.8100          -55.354      -69.733       14.379   309.0
1.8120          -55.403      -69.720       14.317   307.7
1.8140          -55.418      -69.708       14.290   307.1
1.8160          -55.514      -69.698       14.184   304.8
1.8180          -55.498      -69.691       14.193   305.0
1.8200          -55.450      -69.687       14.236   305.9
1.8220          -55.467      -69.687       14.220   305.6
1.8240          -55.420      -69.694       14.274   306.7
1.8260          -55.421      -69.707       14.286   307.0
1.8280          -55.391      -69.729       14.337   308.1
1.8300          -55.496      -69.755       14.259   306.4
1.8320          -55.484      -69.786       14.302   307.4
1.8340          -55.524      -69.819       14.295   307.2
1.8360          -55.486      -69.853       14.367   308.7
1.8380          -55.544      -69.889       14.345   308.3
1.8400          -55.536      -69.926       14.390   309.2
1.8420          -55.490      -69.965       14.475   311.1
1.8440          -55.476      -70.006       14.530   312.2
1.8460          -55.467      -70.045       14.578   313.3
1.8480          -55.477      -70.081       14.604   313.8
1.8500          -55.546      -70.118       14.572   313.2
1.8520          -55.513      -70.151       14.639   314.6
1.8540          -55.560      -70.182       14.622   314.2
1.8560          -55.626      -70.208       14.583   313.4
1.8580          -55.592      -70.230       14.638   314.6
1.8600          -55.529      -70.251       14.723   316.4
1.8620          -55.567      -70.269       14.702   315.9
1.8640          -55.571      -70.283       14.711   316.1
1.8660          -55.668      -70.291       14.624   314.3
1.8680          -55.668      -70.294       14.626   314.3
1.8700          -55.715      -70.291       14.576   313.2
1.8720          -55.745      -70.284       14.539   312.4
1.8740          -55.718      -70.272       14.554   312.8
1.8760          -55.608      -70.254       14.645   314.7
1.8780          -55.607      -70.229       14.622   314.2
1.8800          -55.578      -70.200       14.623   314.2
1.8820          -55.606      -70.167       14.561   312.9
1.8840          -55.552      -70.129       14.578   313.3
1.8860          -55.566      -70.086       14.520   312.0
1.8880          -55.503      -70.036       14.533   312.3
1.8900          -55.548      -69.984       14.436   310.2
1.8920          -55.520      -69.932       14.412   309.7
1.8940          -55.531      -69.881       14.351   308.4
1.8960          -55.521      -69.834       14.313   307.6
1.8980          -55.637      -69.790       14.154   304.2
1.9000          -55.646      -69.749       14.103   303.1
1.9020          -55.644      -69.709       14.066   302.3
1.9040          -55.648      -69.674       14.027   301.4
1.9060          -55.598      -69.646       14.048   301.9
1.9080          -55.648      -69.622       13.974   300.3
1.9100          -55.702      -69.603       13.901   298.7
1.9120          -55.795      -69.591       13.796   296.5
1.9140          -55.779      -69.583       13.804   296.6
1.9160          -55.708      -69.577       13.870   298.1
1.9180          -55.665      -69.579       13.913   299.0
1.9200          -55.622      -69.582       13.961   300.0
1.9220          -55.605      -69.588       13.983   300.5
1.9240          -55.535      -69.593       14.058   302.1
1.9260          -55.511      -69.598       14.087   302.7
1.9280          -55.489      -69.605       14.116   303.3
1.9300          -55.481      -69.611       14.130   303.7
1.9320          -55.532      -69.617       14.085   302.7
1.9340          -55.500      -69.624       14.123   303.5
1.9360          -55.508      -69.630       14.122   303.5
1.9380          -55.466      -69.636       14.170   304.5
1.9400          -55.436      -69.640       14.204   305.2
1.9420          -55.344      -69.642       14.297   307.2
1.9440          -55.368      -69.644       14.276   306.8
1.9460          -55.345      -69.644       14.299   307.3
1.9480          -55.392      -69.643       14.252   306.3
1.9500          -55.401      -69.643       14.242   306.1
1.9520          -55.318      -69.640       14.323   307.8
1.9540          -55.337      -69.637       14.300   307.3
1.9560          -55.350      -69.633       14.282   306.9
1.9580          -55.329      -69.628       14.300   307.3
1.9600          -55.314      -69.623       14.309   307.5
1.9620          -55.265      -69.619       14.354   308.5
1.9640          -55.242      -69.617       14.375   308.9
1.9660          -55.197      -69.620       14.423   310.0
1.9680          -55.180      -69.627       14.447   310.5
1.9700          -55.156      -69.639       14.482   311.2
1.9720          -55.241      -69.658       14.417   309.8
1.9740          -55.292      -69.682       14.390   309.2
1.9760          -55.300      -69.710       14.411   309.7
1.9780          -55.333      -69.743       14.410   309.7
1.9800          -55.330      -69.782       14.452   310.6
1.9820          -55.321      -69.822       14.501   311.6
1.9840          -55.305      -69.863       14.558   312.9
1.9860          -55.313      -69.900       14.588   313.5
1.9880          -55.255      -69.935       14.680   315.5
1.9900          -55.242      -69.967       14.725   316.4
1.9920          -55.252      -69.996       14.744   316.9
1.9940          -55.295      -70.020       14.724   316.4
1.9960          -55.294      -70.040       14.746   316.9
1.9980          -55.270      -70.059       14.789   317.8
2.0000          -55.339      -70.075       14.736   316.7
2.0020          -55.372      -70.088       14.716   316.2
2.0040          -55.390      -70.101       14.711   316.1
2.0060          -55.441      -70.113       14.672   315.3
2.0080          -55.477      -70.126       14.649   314.8
2.0100          -55.434      -70.140       14.706   316.0
2.0120          -55.539      -70.153       14.615   314.1
2.0140          -55.591      -70.168       14.576   313.2
2.0160          -55.536      -70.181       14.645   314.7
2.0180          -55.594      -70.193       14.599   313.7
2.0200          -55.685      -70.203       14.518   312.0
2.0220          -55.601      -70.210       14.609   313.9
2.0240          -55.646      -70.217       14.570   313.1
2.0260          -55.624      -70.221       14.597   313.7
2.0280          -55.588      -70.221       14.633   314.5
2.0300          -55.600      -70.220       14.620   314.2
2.0320          -55.661      -70.216       14.555   312.8
2.0340          -55.632      -70.208       14.576   313.2
2.0360          -55.671      -70.194       14.523   312.1
2.0380          -55.626      -70.175       14.548   312.6
2.0400          -55.583      -70.150       14.566   313.0
2.0420          -55.703      -70.121       14.418   309.8
2.0440          -55.669      -70.088       14.419   309.9
2.0460          -55.663      -70.051       14.388   309.2
2.0480          -55.681      -70.012       14.331   308.0
2.0500          -55.777      -69.974       14.197   305.1
2.0520          -55.743      -69.937       14.194   305.0
2.0540          -55.665      -69.901       14.235   305.9
2.0560          -55.647      -69.865       14.218   305.5
2.0580          -55.676      -69.830       14.154   304.2
2.0600          -55.589      -69.796       14.206   305.3
2.0620          -55.534      -69.762       14.228   305.8
2.0640          -55.500      -69.729       14.229   305.8
2.0660          -55.501      -69.697       14.196   305.1
2.0680          -55.540      -69.667       14.127   303.6
2.0700          -55.515      -69.638       14.123   303.5
2.0720          -55.515      -69.610       14.095   302.9
2.0740          -55.482      -69.582       14.100   303.0
2.0760          -55.443      -69.556       14.112   303.3
2.0780          -55.428      -69.530       14.102   303.1
2.0800          -55.389      -69.507       14.118   303.4
2.0820          -55.362      -69.487       14.125   303.5
2.0840          -55.417      -69.472       14.055   302.0
2.0860          -55.410      -69.461       14.051   302.0
2.0880          -55.432      -69.456       14.023   301.4
2.0900          -55.376      -69.454       14.078   302.5
2.0920          -55.318      -69.456       14.139   303.8
2.0940          -55.342      -69.460       14.118   303.4
2.0960          -55.350      -69.469       14.118   303.4
2.0980          -55.301      -69.483       14.182   304.8
2.1000          -55.241      -69.500       14.259   306.4
2.1020          -55.154      -69.519       14.365   308.7
2.1040          -55.099      -69.540       14.441   310.3
2.1060          -55.033      -69.561       14.527   312.2
2.1080          -55.062      -69.582       14.520   312.0
2.1100          -55.050      -69.601       14.551   312.7
2.1120          -55.117      -69.618       14.502   311.6
2.1140          -55.101      -69.635       14.535   312.4
2.1160          -55.048      -69.653       14.605   313.9
2.1180          -55.190      -69.673       14.482   311.2
2.1200          -55.206      -69.691       14.485   311.3
2.1220          -55.275      -69.707       14.432   310.1
2.1240          -55.308      -69.722       14.414   309.8
2.1260          -55.353      -69.737       14.384   309.1
2.1280          -55.370      -69.751       14.380   309.0
2.1300          -55.360      -69.763       14.404   309.5
2.1320          -55.382      -69.775       14.392   309.3
2.1340          -55.306      -69.787       14.481   311.2
2.1360          -55.366      -69.798       14.432   310.1
2.1380          -55.378      -69.806       14.428   310.1
2.1400          -55.474      -69.812       14.338   308.1
2.1420          -55.543      -69.816       14.273   306.7
2.1440          -55.505      -69.817       14.312   307.6
2.1460          -55.473      -69.815       14.342   308.2
2.1480          -55.493      -69.808       14.316   307.6
2.1500          -55.590      -69.799       14.209   305.3
2.1520          -55.757      -69.788       14.031   301.5
2.1540          -55.866      -69.772       13.905   298.8
2.1560          -55.860      -69.754       13.893   298.6
2.1580          -55.846      -69.734       13.888   298.5
2.1600          -55.937      -69.711       13.775   296.0
2.1620          -55.900      -69.689       13.789   296.3
2.1640          -55.879      -69.666       13.787   296.3
2.1660          -55.908      -69.644       13.736   295.2
2.1680          -55.909      -69.624       13.715   294.7
2.1700          -55.911      -69.606       13.695   294.3
2.1720          -55.944      -69.592       13.648   293.3
2.1740          -55.884      -69.581       13.697   294.3
2.1760          -55.850      -69.573       13.724   294.9
2.1780          -55.846      -69.573       13.727   295.0
2.1800          -55.880      -69.576       13.695   294.3
2.1820          -55.879      -69.580       13.701   294.4
2.1840          -55.883      -69.585       13.703   294.5
2.1860          -55.924      -69.594       13.670   293.8
2.1880          -55.888      -69.604       13.716   294.8
2.1900          -55.859      -69.615       13.756   295.6
2.1920          -55.911      -69.625       13.714   294.7
2.1940          -55.826      -69.633       13.808   296.7
2.1960          -55.847      -69.638       13.792   296.4
2.1980          -55.803      -69.640       13.837   297.3
2.2000          -55.756      -69.641       13.885   298.4
2.2020          -55.761      -69.639       13.877   298.2
2.2040          -55.860      -69.632       13.772   296.0
2.2060          -55.867      -69.622       13.755   295.6
2.2080          -55.839      -69.611       13.772   296.0
2.2100          -55.902      -69.602       13.700   294.4
2.2120          -55.917      -69.592       13.675   293.9
2.2140          -55.984      -69.581       13.597   292.2
2.2160          -56.018      -69.571       13.553   291.3
2.2180          -56.041      -69.563       13.522   290.6
2.2200          -56.023      -69.559       13.536   290.9
2.2220          -55.928      -69.560       13.632   293.0
2.2240          -55.977      -69.564       13.587   292.0
2.2260          -55.969      -69.572       13.603   292.3
2.2280          -55.972      -69.584       13.612   292.5
2.2300          -55.959      -69.601       13.642   293.2
2.2320          -55.942      -69.620       13.679   294.0
2.2340          -55.960      -69.640       13.680   294.0
2.2360          -55.947      -69.658       13.711   294.7
2.2380          -56.097      -69.676       13.578   291.8
2.2400          -56.066      -69.692       13.625   292.8
2.2420          -56.091      -69.707       13.615   292.6
2.2440          -56.054      -69.722       13.669   293.7
2.2460          -56.053      -69.737       13.684   294.1
2.2480          -56.101      -69.753       13.651   293.4
2.2500          -56.193      -69.767       13.574   291.7
2.2520          -56.157      -69.781       13.624   292.8
2.2540          -56.204      -69.796       13.592   292.1
2.2560          -56.135      -69.813       13.677   293.9
2.2580          -56.218      -69.831       13.613   292.5
2.2600          -56.279      -69.853       13.575   291.7
2.2620          -56.257      -69.879       13.623   292.7
2.2640          -56.262      -69.907       13.645   293.2
2.2660          -56.332      -69.933       13.601   292.3
2.2680          -56.372      -69.957       13.584   291.9
2.2700          -56.398      -69.980       13.582   291.9
2.2720          -56.444      -70.003       13.559   291.4
2.2740          -56.503      -70.024       13.521   290.6
2.2760          -56.504      -70.045       13.541   291.0
2.2780          -56.469      -70.063       13.594   292.1
2.2800          -56.458      -70.078       13.620   292.7
2.2820          -56.488      -70.087       13.599   292.2
2.2840          -56.561      -70.095       13.534   290.8
2.2860          -56.578      -70.102       13.525   290.6
2.2880          -56.578      -70.109       13.530   290.8
2.2900          -56.570      -70.112       13.542   291.0
2.2920          -56.456      -70.114       13.658   293.5
2.2940          -56.421      -70.111       13.690   294.2
2.2960          -56.330      -70.105       13.775   296.0
2.2980          -56.359      -70.096       13.737   295.2
2.3000          -56.395      -70.085       13.690   294.2
2.3020          -56.448      -70.072       13.624   292.8
2.3040          -56.462      -70.057       13.595   292.2
2.3060          -56.512      -70.039       13.527   290.7
2.3080          -56.528      -70.019       13.491   289.9
2.3100          -56.607      -69.997       13.390   287.8
2.3120          -56.592      -69.972       13.380   287.5
2.3140          -56.702      -69.943       13.242   284.6
2.3160          -56.735      -69.913       13.177   283.2
2.3180          -56.716      -69.885       13.169   283.0
2.3200          -56.696      -69.858       13.162   282.8
2.3220          -56.670      -69.835       13.165   282.9
2.3240          -56.652      -69.817       13.165   282.9
2.3260          -56.689      -69.808       13.119   281.9
2.3280          -56.599      -69.806       13.207   283.8
2.3300          -56.520      -69.807       13.287   285.5
2.3320          -56.554      -69.815       13.261   285.0
2.3340          -56.584      -69.828       13.244   284.6
2.3360          -56.559      -69.847       13.288   285.6
2.3380          -56.541      -69.871       13.330   286.5
2.3400          -56.501      -69.898       13.396   287.9
2.3420          -56.528      -69.927       13.399   287.9
2.3440          -56.577      -69.963       13.386   287.7
2.3460          -56.574      -70.003       13.428   288.6
2.3480          -56.525      -70.047       13.521   290.6
2.3500          -56.445      -70.093       13.648   293.3
2.3520          -56.404      -70.143       13.739   295.3
2.3540          -56.402      -70.194       13.793   296.4
2.3560          -56.364      -70.247       13.883   298.4
2.3580          -56.453      -70.301       13.848   297.6
2.3600          -56.397      -70.355       13.958   300.0
2.3620          -56.359      -70.405       14.046   301.8
2.3640          -56.210      -70.453       14.242   306.1
2.3660          -56.206      -70.495       14.289   307.1
2.3680          -56.278      -70.530       14.252   306.3
2.3700          -56.362      -70.556       14.194   305.0
2.3720          -56.348      -70.573       14.225   305.7
2.3740          -56.258      -70.579       14.321   307.7
2.3760          -56.234      -70.576       14.342   308.2
2.3780          -56.234      -70.566       14.333   308.0
2.3800          -56.252      -70.553       14.301   307.3
2.3820          -56.335      -70.532       14.197   305.1
2.3840          -56.338      -70.507       14.169   304.5
